Found 128 county gaps across 灞变笢鐪?Gov domain map has 2750 entries

Probing 128 counties (0 have no domain)

[1%] 鉂?鍘嗕笅鍖?[2%] 鉂?娴庨槼鍖?[2%] 鉂?鍘嗗煄鍖?[3%] 鉂?闀挎竻鍖?[4%] 鉂?绔犱笜鍖?[5%] 鉁?灞变笢鐪?> 娴庡崡甯?> 妲愯崼鍖? http://www.huaiyin.gov.cn/zwgk/czyjsgk/ (kw=2)
[5%] 鉂?澶╂ˉ鍖?[6%] 鉂?甯備腑鍖?[7%] 鉂?宕傚北鍖?[8%] 鉂?鑾辫姕鍖?[9%] 鉂?甯傚寳鍖?[9%] 鉂?榛勫矝鍖?[10%] 鉂?鏉庢钵鍖?[11%] 鉂?鍩庨槼鍖?[12%] 鉂?鍗冲ⅷ鍖?[13%] 鉂?鑳跺窞甯?[13%] 鉂?閽㈠煄鍖?[14%] 鉂?骞冲害甯?[15%] 鉂?鍟嗘渤鍘?[16%] 鉂?骞抽槾鍘?[16%] 鉂?鑾辫タ甯?[17%] 鉂?妗撳彴鍘?[18%] 鉂?寮犲簵鍖?[19%] 鉂?鍗氬北鍖?[20%] 鉂?鍛ㄦ潙鍖?[20%] 鉂?甯備腑鍖?[21%] 鉂?甯傚崡鍖?[22%] 鉂?楂橀潚鍘?[23%] 鉂?娌傛簮鍘?[23%] 鉂?娣勫窛鍖?[24%] 鉂?宄勫煄鍖?[25%] 鉂?婊曞窞甯?[26%] 鉂?灞变涵鍖?[27%] 鉂?钖涘煄鍖?[27%] 鉂?鍙板効搴勫尯
[28%] 鉂?涓滆惀鍖?[29%] 鉂?娌冲彛鍖?[30%] 鉂?鍨﹀埄鍖?[30%] 鉂?鍒╂触鍘?[31%] 鉂?骞块ザ鍘?[32%] 鉂?涓存穭鍖?[33%] 鉂?鑺濈綐鍖?[34%] 鉂?鑾卞北鍖?[34%] 鉂?鏍栭湠甯?[35%] 鉂?绂忓北鍖?[36%] 鉁?灞变笢鐪?> 鐑熷彴甯?> 鑾遍槼甯? https://www.laiyang.gov.cn/zwgk/czyjsgk/ (kw=2)
[37%] 鉁?灞变笢鐪?> 鐑熷彴甯?> 鐗熷钩鍖? https://www.muping.gov.cn/zwgk/czyjsgk/ (kw=2)
[38%] 鉂?榫欏彛甯?[38%] 鉂?瀵掍涵鍖?[39%] 鉂?濂庢枃鍖?[40%] 鉂?鑾卞窞甯?[41%] 鉁?灞变笢鐪?> 鐑熷彴甯?> 鎷涜繙甯? https://www.zhaoyuan.gov.cn/zwgk/czyjsgk/ (kw=2)
[41%] 鉂?涓存湊鍘?[42%] 鉂?鍧婂瓙鍖?[43%] 鉂?瀵垮厜甯?[44%] 鉂?鏄屼箰鍘?[45%] 鉁?灞变笢鐪?> 鐑熷彴甯?> 娴烽槼甯? https://www.haiyang.gov.cn/zwgk/czyjsgk/ (kw=2)
[45%] 鉂?钃幈鍖?[46%] 鉂?闈掑窞甯?[47%] 鉂?璇稿煄甯?[48%] 鉂?鍏栧窞鍖?[48%] 鉂?閲戜埂鍘?[49%] 鉂?瀹変笜甯?[50%] 鉂?鍢夌ゥ鍘?[51%] 鉂?楂樺瘑甯?[52%] 鉂?鏄岄倯甯?[52%] 鉂?浠诲煄鍖?[53%] 鉂?楸煎彴鍘?[54%] 鉂?寰北鍘?[55%] 鉂?娉楁按鍘?[55%] 鉂?姹朵笂鍘?[56%] 鉂?閭瑰煄甯?[57%] 鉂?鏇查槣甯?[58%] 鉂?姊佸北鍘?[59%] 鉂?娉板北鍖?[59%] 鉂?瀹侀槼鍘?[60%] 鉂?宀卞渤鍖?[61%] 鉂?鑲ュ煄甯?[62%] 鉂?涓滄腐鍖?[63%] 鉂?涓滃钩鍘?[63%] 鉂?鏂版嘲甯?[64%] 鉂?浜旇幉鍘?[65%] 鉂?宀氬北鍖?[66%] 鉂?鑾掑幙
[66%] 鉂?娌充笢鍖?[67%] 鉂?閮煄鍘?[68%] 鉂?娌傚崡鍘?[69%] 鉂?鍏伴櫟鍘?[70%] 鉂?涔冲北甯?[70%] 鉂?璐瑰幙
[71%] 鉂?涓存箔鍘?[72%] 鉂?寰峰煄鍖?[73%] 鉂?鐜繝鍖?[73%] 鉂?鑽ｆ垚甯?[74%] 鉂?搴嗕簯鍘?[75%] 鉂?闄靛煄鍖?[76%] 鉂?绂瑰煄甯?[77%] 鉂?瀹佹触鍘?[77%] 鉂?涓撮倯鍘?[78%] 鉂?涓滄槍搴滃尯
[79%] 鉂?鑼屽钩鍖?[80%] 鉂?鑾樺幙
[80%] 鉂?涓滈樋鍘?[81%] 鉂?榻愭渤鍘?[82%] 鉂?骞冲師鍘?[83%] 鉂?姝﹀煄鍘?[84%] 鉂?澶忔触鍘?[84%] 鉂?涔愰櫟甯?[85%] 鉂?闃宠胺鍘?[86%] 鉂?鍐犲幙
[87%] 鉂?楂樺攼鍘?[88%] 鉂?鍗氬叴鍘?[88%] 鉂?鎯犳皯鍘?[89%] 鉂?鏃犳＃鍘?[90%] 鉂?闃充俊鍘?[91%] 鉂?娌惧寲鍖?[91%] 鉂?閭瑰钩甯?[92%] 鉂?婊ㄥ煄鍖?[93%] 鉂?宸ㄩ噹鍘?[94%] 鉂?鎴愭鍘?[95%] 鉂?涓滄槑鍘?[95%] 鉂?鐗′腹鍖?[96%] 鉂?鏇瑰幙
[97%] 鉂?瀹氶櫠鍖?[98%] 鉂?鍗曞幙
[98%] 鉂?閮撳煄鍘?[99%] 鉂?閯勫煄鍘?[100%] 鉂?娼嶅煄鍖?

鈺愨晲鈺愨晲鈺愨晲鈺?RESULTS 鈺愨晲鈺愨晲鈺愨晲鈺?
CONFIRMED (kw鈮?): 5
  灞变笢鐪?> 娴庡崡甯?> 妲愯崼鍖? http://www.huaiyin.gov.cn/zwgk/czyjsgk/
  灞变笢鐪?> 鐑熷彴甯?> 鑾遍槼甯? https://www.laiyang.gov.cn/zwgk/czyjsgk/
  灞变笢鐪?> 鐑熷彴甯?> 鐗熷钩鍖? https://www.muping.gov.cn/zwgk/czyjsgk/
  灞变笢鐪?> 鐑熷彴甯?> 鎷涜繙甯? https://www.zhaoyuan.gov.cn/zwgk/czyjsgk/
  灞变笢鐪?> 鐑熷彴甯?> 娴烽槼甯? https://www.haiyang.gov.cn/zwgk/czyjsgk/

PARTIAL (kw=1): 0

NOT FOUND: 123
NO DOMAIN: 0

Results saved to scripts/_county_probe_5prov.json
